\BOOKMARK [1][-]{section.1}{\376\377\000I\000n\000t\000r\000o\000d\000u\000c\000t\000i\000o\000n}{}% 1
\BOOKMARK [1][-]{section.2}{\376\377\000A\000\040\000m\000e\000a\000s\000u\000r\000e\000m\000e\000n\000t\000\040\000m\000o\000d\000e\000l}{}% 2
\BOOKMARK [2][-]{subsection.2.1}{\376\377\000T\000h\000e\000\040\000A\000d\000a\000p\000t\000e\000d\000\040\000C\000a\000l\000d\000e\000i\000r\000a\000-\000L\000e\000g\000g\000e\000t\000t\000\040\000d\000y\000n\000a\000m\000i\000c\000s}{section.2}% 3
\BOOKMARK [2][-]{subsection.2.2}{\376\377\000T\000h\000e\000\040\000s\000t\000a\000t\000e}{section.2}% 4
\BOOKMARK [2][-]{subsection.2.3}{\376\377\000T\000i\000m\000e\000\040\000e\000v\000o\000l\000u\000t\000i\000o\000n\000\040\000a\000n\000d\000\040\000d\000e\000c\000o\000h\000e\000r\000e\000n\000c\000e}{section.2}% 5
\BOOKMARK [3][-]{subsubsection.2.3.1}{\376\377\000E\000x\000i\000s\000t\000e\000n\000c\000e\000\040\000o\000f\000\040\000p\000o\000i\000n\000t\000e\000r\000\040\000s\000t\000a\000t\000e\000s}{subsection.2.3}% 6
\BOOKMARK [3][-]{subsubsection.2.3.2}{\376\377\000D\000e\000c\000o\000h\000e\000r\000e\000n\000c\000e}{subsection.2.3}% 7
\BOOKMARK [3][-]{subsubsection.2.3.3}{\376\377\000D\000e\000c\000o\000h\000e\000r\000e\000n\000c\000e\000\040\000b\000y\000\040\000v\000a\000r\000i\000a\000n\000c\000e}{subsection.2.3}% 8
\BOOKMARK [3][-]{subsubsection.2.3.4}{\376\377\000D\000e\000c\000o\000h\000e\000r\000e\000n\000c\000e\000\040\000b\000y\000\040\000u\000n\000i\000t\000\040\000s\000p\000h\000e\000r\000e}{subsection.2.3}% 9
\BOOKMARK [3][-]{subsubsection.2.3.5}{\376\377\000D\000e\000c\000o\000h\000e\000r\000e\000n\000c\000e\000\040\000o\000t\000h\000e\000r}{subsection.2.3}% 10
\BOOKMARK [3][-]{subsubsection.2.3.6}{\376\377\000D\000e\000c\000o\000h\000e\000r\000e\000n\000c\000e\000\040\000t\000i\000m\000e}{subsection.2.3}% 11
\BOOKMARK [2][-]{subsection.2.4}{\376\377\000S\000c\000h\000m\000i\000d\000t\000\040\000s\000t\000a\000t\000e\000s\000\040\000i\000n\000\040\000t\000h\000e\000\040\000A\000C\000L}{section.2}% 12
\BOOKMARK [3][-]{subsubsection.2.4.1}{\376\377\000S\000y\000s\000t\000e\000m\000\040\000S\000c\000h\000m\000i\000d\000t\000\040\000s\000t\000a\000t\000e\000s\000\040\000a\000n\000d\000\040\000G\000L\000o\000b\000a\000l\000\040\000S\000c\000h\000i\000m\000d\000t\000\040\000s\000t\000a\000t\000e\000s}{subsection.2.4}% 13
\BOOKMARK [3][-]{subsubsection.2.4.2}{\376\377\000D\000e\000c\000o\000h\000e\000r\000e\000n\000c\000e\000\040\000i\000n\000d\000u\000c\000e\000s\000\040\000c\000o\000n\000v\000e\000r\000g\000e\000n\000c\000e\000\040\000o\000f\000\040\000g\000l\000o\000b\000a\000l\000\040\000S\000c\000h\000m\000i\000d\000t\000\040\000t\000o\000\040\000g\000l\000o\000b\000a\000l\000\040\000p\000o\000i\000n\000t\000e\000r\000\040\000s\000t\000a\000t\000e\000s}{subsection.2.4}% 14
\BOOKMARK [2][-]{subsection.2.5}{\376\377\000T\000o\000\040\000d\000e\000a\000l\000\040\000w\000i\000t\000h\000.\000.\000.\000.}{section.2}% 15
\BOOKMARK [2][-]{subsection.2.6}{\376\377\000P\000e\000r\000t\000u\000r\000b\000a\000t\000i\000o\000n\000\040\000t\000h\000e\000o\000r\000y}{section.2}% 16
\BOOKMARK [2][-]{subsection.2.7}{\376\377\000R\000a\000m\000i\000f\000i\000c\000a\000t\000i\000o\000n\000\040\000o\000f\000\040\000s\000h\000a\000r\000i\000n\000g\000\040\000t\000h\000e\000\040\000t\000o\000t\000a\000l\000\040\000e\000n\000e\000r\000g\000y\000\040\000e\000i\000g\000e\000n\000s\000t\000a\000t\000e}{section.2}% 17
\BOOKMARK [2][-]{subsection.2.8}{\376\377\000W\000o\000r\000l\000d\000s}{section.2}% 18
\BOOKMARK [2][-]{subsection.2.9}{\376\377\000E\000x\000p\000l\000a\000i\000n\000i\000n\000g\000\040\000t\000h\000e\000\040\000e\000n\000e\000r\000g\000y\000\040\000s\000p\000l\000i\000t\000t\000i\000n\000g}{section.2}% 19
\BOOKMARK [3][-]{subsubsection.2.9.1}{\376\377\000N\000o\000t\000e\000\040\000o\000n\000\040\000t\000h\000e\000\040\000b\000r\000a\000n\000c\000h\000i\000n\000g\000\040\000e\000v\000e\000n\000t\000\040\000a\000n\000d\000\040\000w\000h\000y\000\040\000w\000e\000\040\000l\000o\000o\000k\000\040\000a\000t\000\040\000S\000c\000h\000m\000i\000d\000t\000\040\000s\000t\000a\000t\000e\000s}{subsection.2.9}% 20
\BOOKMARK [2][-]{subsection.2.10}{\376\377\000C\000h\000a\000r\000a\000c\000t\000e\000r\000i\000z\000i\000n\000g\000\040\000t\000h\000e\000\040\000p\000r\000o\000b\000a\000b\000i\000l\000i\000t\000y\000\040\000d\000i\000s\000t\000r\000i\000b\000u\000t\000i\000o\000n\000\040\000o\000f\000\040\000t\000h\000e\000\040\000g\000l\000o\000b\000a\000l\000\040\000s\000t\000a\000t\000e}{section.2}% 21
\BOOKMARK [1][-]{section.3}{\376\377\000D\000o\000e\000s\000\040\000B\000r\000a\000n\000c\000h\000i\000n\000g\000\040\000d\000y\000n\000a\000m\000i\000c\000s\000\040\000s\000p\000l\000i\000t\000\040\000t\000h\000e\000\040\000e\000n\000e\000r\000g\000y\000\040\000e\000i\000g\000e\000n\000s\000p\000a\000c\000e\000\040\000b\000e\000t\000w\000e\000e\000n\000\040\000t\000h\000e\000\040\000b\000r\000a\000n\000c\000h\000e\000s\000\040\000i\000n\000\040\000a\000\040\000p\000a\000r\000t\000i\000c\000u\000l\000a\000r\000\040\000w\000a\000y\000?}{}% 22
\BOOKMARK [2][-]{subsection.3.1}{\376\377\000O\000t\000h\000e\000r\000\040\000h\000i\000n\000t\000s\000\040\000t\000h\000a\000t\000\040\000e\000i\000g\000e\000n\000s\000p\000a\000c\000e\000\040\000i\000s\000\040\000s\000h\000a\000r\000e\000d\000\040\000i\000n\000\040\000a\000n\000\040\000i\000n\000t\000e\000r\000e\000s\000t\000i\000n\000g\000\040\000w\000a\000y}{section.3}% 23
\BOOKMARK [2][-]{subsection.3.2}{\376\377\000A\000r\000e\000\040\000p\000r\000o\000b\000a\000b\000i\000l\000i\000t\000i\000e\000s\000\040\000n\000o\000t\000\040\000j\000u\000s\000t\000\040\000s\000h\000a\000r\000e\000d\000\040\000f\000o\000l\000l\000o\000w\000i\000n\000g\000\040\000a\000\040\000c\000o\000n\000s\000e\000r\000v\000a\000t\000i\000o\000n\000\040\000l\000a\000w\000?}{section.3}% 24
\BOOKMARK [2][-]{subsection.3.3}{\376\377\000O\000t\000h\000e\000r\000\040\000m\000e\000t\000r\000i\000c\000s\000\040\000t\000o\000\040\000d\000e\000s\000c\000r\000i\000b\000e\000\040\000t\000h\000e\000\040\000s\000h\000a\000r\000i\000n\000g\000\040\000o\000f\000\040\000e\000i\000g\000e\000n\000s\000p\000a\000c\000e}{section.3}% 25
\BOOKMARK [3][-]{subsubsection.3.3.1}{\376\377\000G\000e\000n\000e\000r\000a\000l\000\040\000c\000h\000a\000r\000a\000c\000t\000e\000r\000i\000z\000a\000t\000i\000o\000n\000\040\000o\000f\000\040\000t\000h\000e\000s\000e\000\040\000m\000e\000t\000r\000i\000c\000s}{subsection.3.3}% 26
\BOOKMARK [2][-]{subsection.3.4}{\376\377\000C\000o\000n\000c\000l\000u\000s\000i\000o\000n\000:}{section.3}% 27
\BOOKMARK [2][-]{subsection.3.5}{\376\377\000P\000s\000e\000u\000d\000o\000\040\000p\000o\000i\000n\000t\000e\000r\000\040\000i\000n\000\040\000t\000h\000e\000\040\000i\000n\000t\000e\000r\000a\000c\000t\000i\000o\000n\000\040\000s\000p\000e\000c\000t\000r\000u\000m}{section.3}% 28
\BOOKMARK [3][-]{subsubsection.3.5.1}{\376\377\000C\000h\000a\000r\000a\000c\000t\000e\000r\000i\000z\000i\000n\000g\000\040\000t\000h\000e\000\040\000b\000e\000h\000a\000v\000i\000o\000r\000\040\000o\000f\000\040\000t\000h\000e\000\040\000d\000i\000s\000t\000r\000i\000b\000u\000t\000i\000o\000n\000s\000\040\000i\000n\000\040\000t\000h\000e\000\040\000i\000n\000t\000e\000r\000a\000c\000t\000i\000o\000n\000\040\000e\000n\000e\000r\000g\000y\000\040\000b\000a\000s\000i\000s\000.}{subsection.3.5}% 29
\BOOKMARK [1][-]{section.4}{\376\377\000W\000h\000y\000\040\000d\000o\000\040\000t\000h\000e\000y\000\040\000s\000h\000a\000r\000e\000\040\000t\000h\000e\000\040\000e\000n\000e\000r\000g\000y\000\040\000e\000i\000g\000e\000n\000s\000t\000a\000t\000e\000s\000\040\000i\000n\000\040\000t\000h\000i\000s\000\040\000w\000a\000y\000?}{}% 30
\BOOKMARK [1][-]{section.5}{\376\377\000C\000a\000n\000\040\000w\000e\000\040\000g\000e\000t\000\040\000i\000t\000\040\000a\000l\000l\000\040\000f\000r\000o\000m\000\040\000t\000h\000e\000\040\000e\000n\000e\000r\000g\000y\000\040\000s\000p\000e\000c\000t\000r\000u\000m\000\040\000a\000n\000d\000\040\000t\000h\000e\000\040\000d\000i\000s\000t\000r\000i\000b\000u\000t\000i\000o\000n\000\040\000o\000f\000\040\000t\000h\000e\000\040\000g\000l\000o\000b\000a\000l\000\040\000s\000t\000a\000t\000e\000\040\000i\000n\000\040\000i\000t\000?}{}% 31
\BOOKMARK [2][-]{subsection.5.1}{\376\377\000G\000e\000t\000t\000i\000n\000g\000\040\000d\000e\000c\000o\000h\000e\000r\000e\000n\000c\000e\000\040\000t\000i\000m\000e\000\040\000f\000r\000o\000m\000\040\000t\000h\000e\000\040\000s\000p\000e\000c\000t\000r\000u\000m}{section.5}% 32
\BOOKMARK [3][-]{subsubsection.5.1.1}{\376\377\000H\000I\000\040\000d\000o\000m\000i\000n\000a\000t\000e\000d\000\040\000l\000i\000m\000i\000t}{subsection.5.1}% 33
\BOOKMARK [1][-]{section.6}{\376\377\000O\000t\000h\000e\000r}{}% 34
\BOOKMARK [2][-]{subsubsection.6.0.1}{\376\377\000C\000o\000n\000d\000i\000t\000i\000o\000n\000\040\000o\000n\000\040\000t\000h\000e\000r\000e\000\040\000b\000e\000i\000n\000g\000\040\000a\000n\000\040\000e\000n\000e\000r\000g\000y\000\040\000s\000p\000l\000i\000t\000t\000i\000n\000g}{section.6}% 35
\BOOKMARK [3][-]{subsubsection.6.0.2}{\376\377\000M\000o\000r\000e\000\040\000o\000n\000\040\000p\000o\000i\000n\000t\000e\000r\000\040\000s\000t\000a\000t\000e\000s}{subsubsection.6.0.1}% 36
\BOOKMARK [3][-]{subsubsection.6.0.3}{\376\377\000P\000o\000i\000n\000t\000e\000r\000\040\000s\000t\000a\000t\000e\000s\000\040\000a\000r\000e\000\040\000w\000o\000r\000l\000d\000s}{subsubsection.6.0.1}% 37
\BOOKMARK [2][-]{subsection.6.1}{\376\377\000W\000h\000y\000\040\000d\000o\000\040\000w\000e\000\040\000g\000e\000t\000\040\000n\000o\000\040\000o\000v\000e\000r\000l\000a\000p\000e\000?}{section.6}% 38
\BOOKMARK [2][-]{subsection.6.2}{\376\377\000W\000h\000a\000t\000\040\000d\000o\000e\000s\000\040\000i\000t\000\040\000i\000m\000p\000l\000y\000?}{section.6}% 39
\BOOKMARK [3][-]{subsubsection.6.2.1}{\376\377\000C\000o\000n\000f\000u\000s\000i\000o\000n\000\040\000r\000e\000g\000a\000r\000d\000i\000n\000g\000\040\000t\000h\000e\000\040\000l\000o\000s\000s\000\040\000o\000f\000\040\000d\000i\000m\000e\000n\000s\000i\000o\000n}{subsection.6.2}% 40
\BOOKMARK [2][-]{subsection.6.3}{\376\377\000.\000.\000.}{section.6}% 41
\BOOKMARK [3][-]{subsubsection.6.3.1}{\376\377\000A\000\040\000d\000i\000s\000c\000u\000s\000s\000i\000o\000n\000\040\000o\000f\000\040\000S\000c\000h\000m\000i\000d\000t\000\040\000m\000i\000g\000h\000t\000\040\000n\000o\000t\000\040\000b\000e\000\040\000e\000n\000o\000u\000g\000h}{subsection.6.3}% 42
\BOOKMARK [1][-]{appendix.A}{\376\377\000S\000p\000e\000c\000t\000r\000u\000m\000\040\000o\000f\000\040\000H\000t\000o\000t}{}% 43
\BOOKMARK [2][-]{subsection.A.1}{\376\377\000C\000h\000a\000r\000a\000c\000t\000e\000r\000i\000z\000i\000n\000g\000\040\000t\000h\000e\000\040\000s\000p\000e\000c\000t\000r\000u\000m\000\040\000o\000f\000\040\000t\000h\000e\000\040\000H\000a\000m\000i\000l\000t\000o\000n\000i\000a\000n}{appendix.A}% 44
\BOOKMARK [3][-]{subsubsection.A.1.1}{\376\377\000W\000e\000\040\000u\000s\000e\000\040\000b\000o\000u\000n\000d\000s\000\040\000o\000n\000\040\000t\000h\000e\000\040\000v\000a\000l\000u\000e\000s\000\040\000o\000f\000\040\000t\000h\000e\000\040\000s\000u\000m\000\040\000o\000f\000\040\0002\000\040\000m\000a\000t\000r\000i\000c\000e\000s\000.}{subsection.A.1}% 45
\BOOKMARK [2][-]{subsection.A.2}{\376\377\000O\000v\000e\000r\000l\000a\000p\000\040\000|\000r\000\050\000t\000\051\000|\0002\000\040\000f\000o\000r\000\040\000H\000I\000\040\000d\000o\000m\000i\000n\000a\000t\000e\000d\000\040\000b\000u\000t\000\040\000n\000o\000\040\000c\000o\000n\000d\000i\000t\000i\000o\000n\000s\000\040\000o\000n\000\040\000e\000n\000e\000r\000g\000y\000\040\000s\000p\000e\000c\000t\000r\000u\000m\000s}{appendix.A}% 46
